{"hasImage":true,"level":"info","message":"Post created successfully","postId":"6851f5a46de8c94e6da8b584","timestamp":"2025-06-17T23:09:27.693Z","title":"imagetest"}
{"hasImage":true,"level":"info","message":"Post created successfully","postId":"6851f5c76de8c94e6da8b58a","timestamp":"2025-06-17T23:10:10.331Z","title":"imagetest2"}
{"hasImage":true,"level":"info","message":"Post created successfully","postId":"6851f6152304b61bf68739bd","timestamp":"2025-06-17T23:11:17.964Z","title":"imagetest3"}
{"hasImage":true,"level":"info","message":"Post created successfully","postId":"6851f6252304b61bf68739bf","timestamp":"2025-06-17T23:11:33.518Z","title":"imagetest1121"}
{"hasImage":true,"level":"info","message":"Post created successfully","postId":"6851f63a2304b61bf68739c1","timestamp":"2025-06-17T23:12:07.096Z","title":"imagetest33244"}
{"level":"info","message":"Post deleted successfully","postId":"6851f63a2304b61bf68739c1","timestamp":"2025-06-17T23:12:32.480Z"}
{"hasImage":false,"level":"info","message":"Post created successfully","postId":"6851f786a400541590ec2fa6","timestamp":"2025-06-17T23:17:26.251Z","title":"www"}
{"hasImage":true,"level":"info","message":"Post created successfully","postId":"6851f7b4a400541590ec2fac","timestamp":"2025-06-17T23:18:14.101Z","title":"wwrw"}
{"hasImage":true,"level":"info","message":"Post created successfully","postId":"6851f800a400541590ec2fb3","timestamp":"2025-06-17T23:19:33.766Z","title":"hi esgsg"}
{"hasImage":true,"level":"info","message":"Post updated successfully","postId":"6851f800a400541590ec2fb3","timestamp":"2025-06-17T23:32:23.002Z"}
{"hasImage":false,"level":"info","message":"Post created successfully","postId":"6851fbc53d28f21d4c3e8063","timestamp":"2025-06-17T23:35:33.512Z","title":"YESs"}
{"hasImage":false,"level":"info","message":"Post updated successfully","postId":"6851fbc53d28f21d4c3e8063","timestamp":"2025-06-17T23:35:41.761Z"}
{"hasImage":false,"level":"info","message":"Post updated successfully","postId":"6851fbc53d28f21d4c3e8063","timestamp":"2025-06-17T23:36:02.162Z"}
{"hasImage":false,"level":"info","message":"Post updated successfully","postId":"6851fbc53d28f21d4c3e8063","timestamp":"2025-06-17T23:36:13.365Z"}
{"hasImage":false,"level":"info","message":"Post updated successfully","postId":"6851f800a400541590ec2fb3","timestamp":"2025-06-17T23:36:35.418Z"}
{"hasImage":false,"level":"info","message":"Post updated successfully","postId":"6851fbc53d28f21d4c3e8063","timestamp":"2025-06-17T23:38:35.924Z"}
{"hasImage":false,"level":"info","message":"Post updated successfully","postId":"6851f7b4a400541590ec2fac","timestamp":"2025-06-17T23:39:01.605Z"}
{"hasNewImage":false,"imageLength":0,"level":"info","message":"Updating post","postId":"6851fbc53d28f21d4c3e8063","timestamp":"2025-06-17T23:43:48.619Z"}
{"hasImage":false,"imageLength":0,"level":"info","message":"Updating post with data","postId":"6851fbc53d28f21d4c3e8063","timestamp":"2025-06-17T23:43:48.621Z"}
{"hasImage":false,"level":"info","message":"Post updated successfully","postId":"6851fbc53d28f21d4c3e8063","timestamp":"2025-06-17T23:43:48.674Z"}
{"hasNewImage":false,"imageLength":0,"level":"info","message":"Updating post","postId":"6851fbc53d28f21d4c3e8063","timestamp":"2025-06-17T23:44:40.567Z"}
{"hasImage":false,"imageLength":0,"level":"info","message":"Updating post with data","postId":"6851fbc53d28f21d4c3e8063","timestamp":"2025-06-17T23:44:40.568Z"}
{"hasImage":false,"level":"info","message":"Post updated successfully","postId":"6851fbc53d28f21d4c3e8063","timestamp":"2025-06-17T23:44:40.608Z"}
{"hasNewImage":false,"imageLength":0,"level":"info","message":"Updating post","postId":"6851fbc53d28f21d4c3e8063","timestamp":"2025-06-17T23:46:06.163Z"}
{"hasImage":false,"imageLength":0,"level":"info","message":"Updating post with data","postId":"6851fbc53d28f21d4c3e8063","timestamp":"2025-06-17T23:46:06.163Z"}
{"hasImage":false,"level":"info","message":"Post updated successfully","postId":"6851fbc53d28f21d4c3e8063","timestamp":"2025-06-17T23:46:06.213Z"}
{"hasNewImage":false,"imageLength":0,"level":"info","message":"Updating post","postId":"6851fbc53d28f21d4c3e8063","timestamp":"2025-06-17T23:46:20.852Z"}
{"hasImage":false,"imageLength":0,"level":"info","message":"Updating post with data","postId":"6851fbc53d28f21d4c3e8063","timestamp":"2025-06-17T23:46:20.854Z"}
{"hasImage":false,"level":"info","message":"Post updated successfully","postId":"6851fbc53d28f21d4c3e8063","timestamp":"2025-06-17T23:46:20.897Z"}
{"hasNewImage":false,"imageLength":0,"level":"info","message":"Updating post","postId":"6851fbc53d28f21d4c3e8063","timestamp":"2025-06-17T23:46:30.315Z"}
{"hasImage":false,"imageLength":0,"level":"info","message":"Updating post with data","postId":"6851fbc53d28f21d4c3e8063","timestamp":"2025-06-17T23:46:30.317Z"}
{"hasImage":false,"level":"info","message":"Post updated successfully","postId":"6851fbc53d28f21d4c3e8063","timestamp":"2025-06-17T23:46:30.362Z"}
{"hasNewImage":false,"imageLength":0,"level":"info","message":"Updating post","postId":"6851fbc53d28f21d4c3e8063","timestamp":"2025-06-17T23:46:47.410Z"}
{"hasImage":false,"imageLength":0,"level":"info","message":"Updating post with data","postId":"6851fbc53d28f21d4c3e8063","timestamp":"2025-06-17T23:46:47.412Z"}
{"hasImage":false,"level":"info","message":"Post updated successfully","postId":"6851fbc53d28f21d4c3e8063","timestamp":"2025-06-17T23:46:47.458Z"}
{"hasNewImage":false,"imageLength":0,"level":"info","message":"Updating post","postId":"6851fbc53d28f21d4c3e8063","timestamp":"2025-06-17T23:48:03.366Z"}
{"hasImage":false,"imageLength":0,"level":"info","message":"Updating post with data","postId":"6851fbc53d28f21d4c3e8063","timestamp":"2025-06-17T23:48:03.371Z"}
{"hasImage":false,"level":"info","message":"Post updated successfully","postId":"6851fbc53d28f21d4c3e8063","timestamp":"2025-06-17T23:48:03.413Z"}
{"hasNewImage":false,"imageLength":0,"level":"info","message":"Updating post","postId":"6851fbc53d28f21d4c3e8063","timestamp":"2025-06-17T23:48:28.852Z"}
{"hasImage":false,"imageLength":0,"level":"info","message":"Updating post with data","postId":"6851fbc53d28f21d4c3e8063","timestamp":"2025-06-17T23:48:28.854Z"}
{"hasImage":false,"level":"info","message":"Post updated successfully","postId":"6851fbc53d28f21d4c3e8063","timestamp":"2025-06-17T23:48:28.899Z"}
{"hasNewImage":true,"imageLength":1038603,"level":"info","message":"Updating post","postId":"6851fbc53d28f21d4c3e8063","timestamp":"2025-06-17T23:49:14.794Z"}
{"hasImage":true,"imageLength":1038603,"level":"info","message":"Updating post with data","postId":"6851fbc53d28f21d4c3e8063","timestamp":"2025-06-17T23:49:14.795Z"}
{"hasImage":true,"level":"info","message":"Post updated successfully","postId":"6851fbc53d28f21d4c3e8063","timestamp":"2025-06-17T23:49:21.318Z"}
{"hasImage":true,"level":"info","message":"Post created successfully","postId":"6851ff229bb2a3ec55e9dcf9","timestamp":"2025-06-17T23:50:09.372Z","title":"hi justin"}
{"hasNewImage":false,"imageLength":0,"level":"info","message":"Updating post","postId":"6851fbc53d28f21d4c3e8063","timestamp":"2025-06-17T23:50:19.427Z"}
{"hasImage":false,"imageLength":0,"level":"info","message":"Updating post with data","postId":"6851fbc53d28f21d4c3e8063","timestamp":"2025-06-17T23:50:19.429Z"}
{"hasImage":false,"level":"info","message":"Post updated successfully","postId":"6851fbc53d28f21d4c3e8063","timestamp":"2025-06-17T23:50:19.475Z"}
{"hasNewImage":true,"imageLength":1029631,"level":"info","message":"Updating post","postId":"6851fbc53d28f21d4c3e8063","timestamp":"2025-06-17T23:50:25.358Z"}
{"hasImage":true,"imageLength":1029631,"level":"info","message":"Updating post with data","postId":"6851fbc53d28f21d4c3e8063","timestamp":"2025-06-17T23:50:25.359Z"}
{"hasImage":true,"level":"info","message":"Post updated successfully","postId":"6851fbc53d28f21d4c3e8063","timestamp":"2025-06-17T23:50:31.372Z"}
{"level":"info","message":"Post deleted successfully","postId":"6851fbc53d28f21d4c3e8063","timestamp":"2025-06-17T23:50:36.689Z"}
